<?xml version="1.0" encoding="UTF-8"?>
<!-- Generated by org.testng.reporters.JUnitReportReporter -->
<testsuite hostname="MSI" failures="0" tests="1" name="com.oib.automation.TC002" time="8.159" errors="0" timestamp="13 Nov 2022 11:30:58 GMT">
  <testcase classname="com.oib.automation.TC002" name="tc002" time="8.159"/>
</testsuite> <!-- com.oib.automation.TC002 -->
